<?xml version="1.0" encoding="UTF-8"?>
<!-- Generated by org.testng.reporters.JUnitReportReporter -->
<testsuite hostname="Birendra-lap" failures="0" tests="6" name="com.qa.test.CreateProductsTests" time="23.292" errors="0" timestamp="2021-01-03T17:15:13 IST" skipped="0">
  <testcase classname="com.qa.test.CreateProductsTests" name="checkProductLink" time="0.757"/>
  <system-out/>
  <testcase classname="com.qa.test.CreateProductsTests" name="checkCreateLink" time="0.172"/>
  <system-out/>
  <testcase classname="com.qa.test.CreateProductsTests" name="createNewProduct" time="5.513"/>
  <system-out/>
  <testcase classname="com.qa.test.CreateProductsTests" name="createNewProduct" time="5.472"/>
  <system-out/>
  <testcase classname="com.qa.test.CreateProductsTests" name="updateProduct" time="6.491"/>
  <system-out/>
  <testcase classname="com.qa.test.CreateProductsTests" name="deleteProducts" time="4.887"/>
  <system-out/>
</testsuite> <!-- com.qa.test.CreateProductsTests -->
