<?xml version="1.0" encoding="UTF-8"?>
<!-- Generated by org.testng.reporters.JUnitReportReporter -->
<testsuite hostname="Birendra-lap" failures="0" tests="3" name="com.qa.test.LoginTests" time="9.507" errors="0" timestamp="2021-01-03T17:15:13 IST" skipped="0">
  <testcase classname="com.qa.test.LoginTests" name="invalidUserName" time="3.095"/>
  <system-out/>
  <testcase classname="com.qa.test.LoginTests" name="invalidPassword" time="3.213"/>
  <system-out/>
  <testcase classname="com.qa.test.LoginTests" name="userLogin" time="3.199"/>
  <system-out/>
</testsuite> <!-- com.qa.test.LoginTests -->
